{
  "RSpec": {
    "coverage": {
      "/Users/dysonbreakstone/Turing/3mod/projects/market_money_fe/spec/features/markets/show_spec.rb": {
        "lines": [
          1,
          1,
          1,
          1,
          1,
          1,
          null,
          1,
          null,
          1,
          1,
          1,
          1,
          1,
          null,
          null,
          1,
          1,
          1,
          1,
          null,
          1,
          1,
          1,
          1,
          1,
          1,
          1,
          1,
          1,
          1,
          1,
          1,
          null,
          null,
          null,
          null
        ]
      },
      "/Users/dysonbreakstone/Turing/3mod/projects/market_money_fe/spec/features/vendors/show_spec.rb": {
        "lines": [
          1,
          1,
          1,
          1,
          1,
          null,
          1,
          1,
          1,
          1,
          1,
          null,
          1,
          null,
          1,
          1,
          1,
          1,
          1,
          null,
          null,
          null
        ]
      },
      "/Users/dysonbreakstone/Turing/3mod/projects/market_money_fe/spec/poros/market_spec.rb": {
        "lines": [
          1,
          1,
          1,
          1,
          null,
          1,
          null,
          null,
          null,
          null,
          null,
          null,
          null,
          null,
          null,
          null,
          null,
          null,
          null,
          null,
          null,
          1,
          1,
          null,
          1,
          1,
          1,
          1,
          1,
          1,
          null,
          null,
          null
        ]
      },
      "/Users/dysonbreakstone/Turing/3mod/projects/market_money_fe/app/poros/market.rb": {
        "lines": [
          1,
          1,
          null,
          null,
          null,
          null,
          null,
          1,
          13599,
          13599,
          13599,
          13599,
          13599,
          13599,
          null,
          null
        ]
      },
      "/Users/dysonbreakstone/Turing/3mod/projects/market_money_fe/spec/poros/vendor_spec.rb": {
        "lines": [
          1,
          1,
          1,
          1,
          null,
          1,
          null,
          null,
          null,
          null,
          null,
          null,
          null,
          null,
          null,
          null,
          null,
          null,
          null,
          1,
          1,
          1,
          1,
          1,
          1,
          1,
          1,
          null,
          null,
          null,
          1,
          1,
          null,
          1,
          null,
          null,
          null,
          null,
          null,
          null,
          null,
          null,
          null,
          null,
          null,
          null,
          null,
          1,
          1,
          1,
          null,
          null,
          null
        ]
      },
      "/Users/dysonbreakstone/Turing/3mod/projects/market_money_fe/app/poros/vendor.rb": {
        "lines": [
          1,
          1,
          null,
          null,
          null,
          null,
          null,
          null,
          1,
          299,
          299,
          299,
          299,
          299,
          299,
          null,
          null,
          1,
          301,
          137,
          null,
          164,
          null,
          null,
          null
        ]
      },
      "/Users/dysonbreakstone/Turing/3mod/projects/market_money_fe/spec/services/market_money_service_spec.rb": {
        "lines": [
          1,
          1,
          1,
          1,
          1,
          null,
          1,
          1,
          1,
          1,
          1,
          1,
          null,
          null
        ]
      },
      "/Users/dysonbreakstone/Turing/3mod/projects/market_money_fe/app/facades/markets_facade.rb": {
        "lines": [
          1,
          1,
          30,
          null,
          null,
          1,
          16,
          13536,
          null,
          null,
          null,
          1,
          62,
          null,
          null,
          1,
          12,
          295,
          null,
          null,
          null,
          1,
          1,
          90,
          null,
          null
        ]
      },
      "/Users/dysonbreakstone/Turing/3mod/projects/market_money_fe/app/services/market_money_service.rb": {
        "lines": [
          1,
          1,
          1,
          17,
          null,
          null,
          1,
          62,
          null,
          null,
          1,
          12,
          null,
          null,
          1,
          2,
          null,
          null,
          1,
          93,
          null,
          null,
          1,
          93,
          93,
          null,
          null
        ]
      },
      "/Users/dysonbreakstone/Turing/3mod/projects/market_money_fe/app/controllers/markets_controller.rb": {
        "lines": [
          1,
          1,
          12,
          null,
          null,
          1,
          12,
          null,
          null
        ]
      },
      "/Users/dysonbreakstone/Turing/3mod/projects/market_money_fe/app/controllers/application_controller.rb": {
        "lines": [
          1,
          null
        ]
      },
      "/Users/dysonbreakstone/Turing/3mod/projects/market_money_fe/app/controllers/vendors_controller.rb": {
        "lines": [
          1,
          1,
          2,
          null,
          null
        ]
      },
      "/Users/dysonbreakstone/Turing/3mod/projects/market_money_fe/app/facades/vendors_facade.rb": {
        "lines": [
          1,
          1,
          2,
          null,
          null,
          1,
          2,
          null,
          null,
          1,
          1,
          2,
          null,
          null
        ]
      }
    },
    "timestamp": 1685156755
  }
}
