{
  "RSpec": {
    "coverage": {
      "/Users/dysonbreakstone/Turing/3mod/projects/market_money_fe/app/facades/markets_facade.rb": {
        "lines": [
          1,
          1,
          6,
          null,
          null,
          1,
          2,
          1692,
          null,
          null,
          null,
          1,
          12,
          null,
          null,
          1,
          2,
          34,
          null,
          null,
          null,
          1,
          1,
          16,
          null,
          null
        ]
      },
      "/Users/dysonbreakstone/Turing/3mod/projects/market_money_fe/app/services/market_money_service.rb": {
        "lines": [
          1,
          1,
          1,
          2,
          null,
          null,
          1,
          12,
          null,
          null,
          1,
          2,
          null,
          null,
          1,
          16,
          null,
          null,
          1,
          16,
          16,
          null,
          null
        ]
      },
      "/Users/dysonbreakstone/Turing/3mod/projects/market_money_fe/app/poros/market.rb": {
        "lines": [
          1,
          1,
          null,
          null,
          null,
          null,
          null,
          1,
          1704,
          1704,
          1704,
          1704,
          1704,
          1704,
          null,
          null,
          1,
          1704,
          1704,
          null,
          0,
          null,
          null,
          null
        ]
      },
      "/Users/dysonbreakstone/Turing/3mod/projects/market_money_fe/app/controllers/markets_controller.rb": {
        "lines": [
          1,
          1,
          0,
          null,
          null,
          1,
          2,
          null,
          null
        ]
      },
      "/Users/dysonbreakstone/Turing/3mod/projects/market_money_fe/app/controllers/application_controller.rb": {
        "lines": [
          1,
          null
        ]
      },
      "/Users/dysonbreakstone/Turing/3mod/projects/market_money_fe/app/poros/vendor.rb": {
        "lines": [
          1,
          1,
          null,
          null,
          null,
          null,
          null,
          null,
          1,
          34,
          34,
          34,
          34,
          34,
          34,
          null,
          null,
          1,
          34,
          20,
          null,
          14,
          null,
          null,
          null
        ]
      }
    },
    "timestamp": 1685154455
  }
}
